# JRE version: Java(TM) SE Runtime Environment (8.0_05-b13) (build 1.8.0_05-b13)
# Java VM: Java HotSpot(TM) 64-Bit Server VM (25.5-b02 mixed mode windows-amd64 compressed oops)
Heap:
 PSYoungGen      total 145920K, used 56575K [0x00000000eab00000, 0x00000000f9400000, 0x0000000100000000)
  eden space 79360K, 0% used [0x00000000eab00000,0x00000000eab00000,0x00000000ef880000)
  from space 66560K, 84% used [0x00000000ef880000,0x00000000f2fbffb8,0x00000000f3980000)
  to   space 73728K, 0% used [0x00000000f4c00000,0x00000000f4c00000,0x00000000f9400000)
 ParOldGen       total 166912K, used 146051K [0x00000000c0000000, 0x00000000ca300000, 0x00000000eab00000)
  object space 166912K, 87% used [0x00000000c0000000,0x00000000c8ea0fb0,0x00000000ca300000)
 Metaspace       used 5819K, capacity 6898K, committed 7040K, reserved 1056768K
  class space    used 598K, capacity 618K, committed 640K, reserved 1048576K
GC Heap History (10 events):
Event: 40.084 GC heap after
Heap after GC invocations=33 (full 8):
 PSYoungGen      total 130560K, used 0K [0x00000000eab00000, 0x00000000f6800000, 0x0000000100000000)
  eden space 72704K, 0% used [0x00000000eab00000,0x00000000eab00000,0x00000000ef200000)
  from space 57856K, 0% used [0x00000000ef200000,0x00000000ef200000,0x00000000f2a80000)
  to   space 54784K, 0% used [0x00000000f3280000,0x00000000f3280000,0x00000000f6800000)
 ParOldGen       total 166912K, used 121993K [0x00000000c0000000, 0x00000000ca300000, 0x00000000eab00000)
  object space 166912K, 73% used [0x00000000c0000000,0x00000000c77227a0,0x00000000ca300000)
 Metaspace       used 5788K, capacity 6898K, committed 7040K, reserved 1056768K
  class space    used 597K, capacity 618K, committed 640K, reserved 1048576K
}
Event: 40.364 GC heap before
{Heap before GC invocations=34 (full 8):
 PSYoungGen      total 130560K, used 72703K [0x00000000eab00000, 0x00000000f6800000, 0x0000000100000000)
  eden space 72704K, 99% used [0x00000000eab00000,0x00000000ef1ffc00,0x00000000ef200000)
  from space 57856K, 0% used [0x00000000ef200000,0x00000000ef200000,0x00000000f2a80000)
  to   space 54784K, 0% used [0x00000000f3280000,0x00000000f3280000,0x00000000f6800000)
 ParOldGen       total 166912K, used 121993K [0x00000000c0000000, 0x00000000ca300000, 0x00000000eab00000)
  object space 166912K, 73% used [0x00000000c0000000,0x00000000c77227a0,0x00000000ca300000)
 Metaspace       used 5788K, capacity 6898K, committed 7040K, reserved 1056768K
  class space    used 597K, capacity 618K, committed 640K, reserved 1048576K
Event: 41.457 GC heap after
Heap after GC invocations=34 (full 8):
 PSYoungGen      total 134144K, used 41736K [0x00000000eab00000, 0x00000000f6f80000, 0x0000000100000000)
  eden space 79360K, 0% used [0x00000000eab00000,0x00000000eab00000,0x00000000ef880000)
  from space 54784K, 76% used [0x00000000f3280000,0x00000000f5b421b0,0x00000000f6800000)
  to   space 59392K, 0% used [0x00000000ef880000,0x00000000ef880000,0x00000000f3280000)
 ParOldGen       total 166912K, used 121993K [0x00000000c0000000, 0x00000000ca300000, 0x00000000eab00000)
  object space 166912K, 73% used [0x00000000c0000000,0x00000000c77227a0,0x00000000ca300000)
 Metaspace       used 5788K, capacity 6898K, committed 7040K, reserved 1056768K
  class space    used 597K, capacity 618K, committed 640K, reserved 1048576K
}
Event: 42.628 GC heap before
{Heap before GC invocations=35 (full 8):
 PSYoungGen      total 134144K, used 121096K [0x00000000eab00000, 0x00000000f6f80000, 0x0000000100000000)
  eden space 79360K, 100% used [0x00000000eab00000,0x00000000ef880000,0x00000000ef880000)
  from space 54784K, 76% used [0x00000000f3280000,0x00000000f5b421b0,0x00000000f6800000)
  to   space 59392K, 0% used [0x00000000ef880000,0x00000000ef880000,0x00000000f3280000)
 ParOldGen       total 166912K, used 121993K [0x00000000c0000000, 0x00000000ca300000, 0x00000000eab00000)
  object space 166912K, 73% used [0x00000000c0000000,0x00000000c77227a0,0x00000000ca300000)
 Metaspace       used 5788K, capacity 6898K, committed 7040K, reserved 1056768K
  class space    used 597K, capacity 618K, committed 640K, reserved 1048576K
Event: 43.549 GC heap after
Heap after GC invocations=35 (full 8):
 PSYoungGen      total 138752K, used 21737K [0x00000000eab00000, 0x00000000f7000000, 0x0000000100000000)
  eden space 79360K, 0% used [0x00000000eab00000,0x00000000eab00000,0x00000000ef880000)
  from space 59392K, 36% used [0x00000000ef880000,0x00000000f0dba670,0x00000000f3280000)
  to   space 55808K, 0% used [0x00000000f3980000,0x00000000f3980000,0x00000000f7000000)
 ParOldGen       total 166912K, used 121993K [0x00000000c0000000, 0x00000000ca300000, 0x00000000eab00000)
  object space 166912K, 73% used [0x00000000c0000000,0x00000000c77227a0,0x00000000ca300000)
 Metaspace       used 5788K, capacity 6898K, committed 7040K, reserved 1056768K
  class space    used 597K, capacity 618K, committed 640K, reserved 1048576K
}
Event: 44.857 GC heap before
{Heap before GC invocations=36 (full 8):
 PSYoungGen      total 138752K, used 101097K [0x00000000eab00000, 0x00000000f7000000, 0x0000000100000000)
  eden space 79360K, 100% used [0x00000000eab00000,0x00000000ef880000,0x00000000ef880000)
  from space 59392K, 36% used [0x00000000ef880000,0x00000000f0dba670,0x00000000f3280000)
  to   space 55808K, 0% used [0x00000000f3980000,0x00000000f3980000,0x00000000f7000000)
 ParOldGen       total 166912K, used 121993K [0x00000000c0000000, 0x00000000ca300000, 0x00000000eab00000)
  object space 166912K, 73% used [0x00000000c0000000,0x00000000c77227a0,0x00000000ca300000)
 Metaspace       used 5788K, capacity 6898K, committed 7040K, reserved 1056768K
  class space    used 597K, capacity 618K, committed 640K, reserved 1048576K
Event: 46.058 GC heap after
Heap after GC invocations=36 (full 8):
 PSYoungGen      total 135168K, used 55785K [0x00000000eab00000, 0x00000000f8580000, 0x0000000100000000)
  eden space 79360K, 0% used [0x00000000eab00000,0x00000000eab00000,0x00000000ef880000)
  from space 55808K, 99% used [0x00000000f3980000,0x00000000f6ffa630,0x00000000f7000000)
  to   space 66560K, 0% used [0x00000000ef880000,0x00000000ef880000,0x00000000f3980000)
 ParOldGen       total 166912K, used 126193K [0x00000000c0000000, 0x00000000ca300000, 0x00000000eab00000)
  object space 166912K, 75% used [0x00000000c0000000,0x00000000c7b3c7a0,0x00000000ca300000)
 Metaspace       used 5788K, capacity 6898K, committed 7040K, reserved 1056768K
  class space    used 597K, capacity 618K, committed 640K, reserved 1048576K
}
Event: 47.142 GC heap before
{Heap before GC invocations=37 (full 8):
 PSYoungGen      total 135168K, used 135145K [0x00000000eab00000, 0x00000000f8580000, 0x0000000100000000)
  eden space 79360K, 100% used [0x00000000eab00000,0x00000000ef880000,0x00000000ef880000)
  from space 55808K, 99% used [0x00000000f3980000,0x00000000f6ffa630,0x00000000f7000000)
  to   space 66560K, 0% used [0x00000000ef880000,0x00000000ef880000,0x00000000f3980000)
 ParOldGen       total 166912K, used 126193K [0x00000000c0000000, 0x00000000ca300000, 0x00000000eab00000)
  object space 166912K, 75% used [0x00000000c0000000,0x00000000c7b3c7a0,0x00000000ca300000)
 Metaspace       used 5819K, capacity 6898K, committed 7040K, reserved 1056768K
  class space    used 598K, capacity 618K, committed 640K, reserved 1048576K
Event: 48.168 GC heap after
Heap after GC invocations=37 (full 8):
 PSYoungGen      total 145920K, used 56575K [0x00000000eab00000, 0x00000000f9400000, 0x0000000100000000)
  eden space 79360K, 0% used [0x00000000eab00000,0x00000000eab00000,0x00000000ef880000)
  from space 66560K, 84% used [0x00000000ef880000,0x00000000f2fbffb8,0x00000000f3980000)
  to   space 73728K, 0% used [0x00000000f4c00000,0x00000000f4c00000,0x00000000f9400000)
 ParOldGen       total 166912K, used 146051K [0x00000000c0000000, 0x00000000ca300000, 0x00000000eab00000)
  object space 166912K, 87% used [0x00000000c0000000,0x00000000c8ea0fb0,0x00000000ca300000)
 Metaspace       used 5819K, capacity 6898K, committed 7040K, reserved 1056768K
  class space    used 598K, capacity 618K, committed 640K, reserved 1048576K
}
Event: 48.168 GC heap before
{Heap before GC invocations=38 (full 9):
 PSYoungGen      total 145920K, used 56575K [0x00000000eab00000, 0x00000000f9400000, 0x0000000100000000)
  eden space 79360K, 0% used [0x00000000eab00000,0x00000000eab00000,0x00000000ef880000)
  from space 66560K, 84% used [0x00000000ef880000,0x00000000f2fbffb8,0x00000000f3980000)
  to   space 73728K, 0% used [0x00000000f4c00000,0x00000000f4c00000,0x00000000f9400000)
 ParOldGen       total 166912K, used 146051K [0x00000000c0000000, 0x00000000ca300000, 0x00000000eab00000)
  object space 166912K, 87% used [0x00000000c0000000,0x00000000c8ea0fb0,0x00000000ca300000)
 Metaspace       used 5819K, capacity 6898K, committed 7040K, reserved 1056768K
  class space    used 598K, capacity 618K, committed 640K, reserved 1048576K

