# JRE version: Java(TM) SE Runtime Environment (8.0_05-b13) (build 1.8.0_05-b13)
# Java VM: Java HotSpot(TM) 64-Bit Server VM (25.5-b02 mixed mode windows-amd64 compressed oops)
Heap:
 PSYoungGen      total 89088K, used 38097K [0x00000000eab00000, 0x00000000f0f00000, 0x0000000100000000)
  eden space 77312K, 39% used [0x00000000eab00000,0x00000000ec8a63c0,0x00000000ef680000)
  from space 11776K, 65% used [0x00000000f0280000,0x00000000f0a0e400,0x00000000f0e00000)
  to   space 12288K, 0% used [0x00000000ef680000,0x00000000ef680000,0x00000000f0280000)
 ParOldGen       total 64000K, used 36643K [0x00000000c0000000, 0x00000000c3e80000, 0x00000000eab00000)
  object space 64000K, 57% used [0x00000000c0000000,0x00000000c23c8ec0,0x00000000c3e80000)
 Metaspace       used 6701K, capacity 7448K, committed 7680K, reserved 1056768K
  class space    used 666K, capacity 720K, committed 768K, reserved 1048576K
GC Heap History (10 events):
Event: 18.822 GC heap before
{Heap before GC invocations=14 (full 0):
 PSYoungGen      total 25088K, used 25072K [0x00000000eab00000, 0x00000000ed700000, 0x0000000100000000)
  eden space 21504K, 100% used [0x00000000eab00000,0x00000000ec000000,0x00000000ec000000)
  from space 3584K, 99% used [0x00000000ec000000,0x00000000ec37c010,0x00000000ec380000)
  to   space 5120K, 0% used [0x00000000ed200000,0x00000000ed200000,0x00000000ed700000)
 ParOldGen       total 64000K, used 10614K [0x00000000c0000000, 0x00000000c3e80000, 0x00000000eab00000)
  object space 64000K, 16% used [0x00000000c0000000,0x00000000c0a5dbf0,0x00000000c3e80000)
 Metaspace       used 5895K, capacity 6962K, committed 7040K, reserved 1056768K
  class space    used 604K, capacity 618K, committed 640K, reserved 1048576K
Event: 19.385 GC heap after
Heap after GC invocations=14 (full 0):
 PSYoungGen      total 39936K, used 3136K [0x00000000eab00000, 0x00000000ed700000, 0x0000000100000000)
  eden space 34816K, 0% used [0x00000000eab00000,0x00000000eab00000,0x00000000ecd00000)
  from space 5120K, 61% used [0x00000000ed200000,0x00000000ed510000,0x00000000ed700000)
  to   space 5120K, 0% used [0x00000000ecd00000,0x00000000ecd00000,0x00000000ed200000)
 ParOldGen       total 64000K, used 14083K [0x00000000c0000000, 0x00000000c3e80000, 0x00000000eab00000)
  object space 64000K, 22% used [0x00000000c0000000,0x00000000c0dc0eb8,0x00000000c3e80000)
 Metaspace       used 5895K, capacity 6962K, committed 7040K, reserved 1056768K
  class space    used 604K, capacity 618K, committed 640K, reserved 1048576K
}
Event: 20.810 GC heap before
{Heap before GC invocations=15 (full 0):
 PSYoungGen      total 39936K, used 37952K [0x00000000eab00000, 0x00000000ed700000, 0x0000000100000000)
  eden space 34816K, 100% used [0x00000000eab00000,0x00000000ecd00000,0x00000000ecd00000)
  from space 5120K, 61% used [0x00000000ed200000,0x00000000ed510000,0x00000000ed700000)
  to   space 5120K, 0% used [0x00000000ecd00000,0x00000000ecd00000,0x00000000ed200000)
 ParOldGen       total 64000K, used 14083K [0x00000000c0000000, 0x00000000c3e80000, 0x00000000eab00000)
  object space 64000K, 22% used [0x00000000c0000000,0x00000000c0dc0eb8,0x00000000c3e80000)
 Metaspace       used 5914K, capacity 6962K, committed 7040K, reserved 1056768K
  class space    used 604K, capacity 618K, committed 640K, reserved 1048576K
Event: 21.324 GC heap after
Heap after GC invocations=15 (full 0):
 PSYoungGen      total 39936K, used 5088K [0x00000000eab00000, 0x00000000ef080000, 0x0000000100000000)
  eden space 34816K, 0% used [0x00000000eab00000,0x00000000eab00000,0x00000000ecd00000)
  from space 5120K, 99% used [0x00000000ecd00000,0x00000000ed1f8010,0x00000000ed200000)
  to   space 7680K, 0% used [0x00000000ee900000,0x00000000ee900000,0x00000000ef080000)
 ParOldGen       total 64000K, used 17639K [0x00000000c0000000, 0x00000000c3e80000, 0x00000000eab00000)
  object space 64000K, 27% used [0x00000000c0000000,0x00000000c1139f80,0x00000000c3e80000)
 Metaspace       used 5914K, capacity 6962K, committed 7040K, reserved 1056768K
  class space    used 604K, capacity 618K, committed 640K, reserved 1048576K
}
Event: 22.205 GC heap before
{Heap before GC invocations=16 (full 0):
 PSYoungGen      total 39936K, used 39904K [0x00000000eab00000, 0x00000000ef080000, 0x0000000100000000)
  eden space 34816K, 100% used [0x00000000eab00000,0x00000000ecd00000,0x00000000ecd00000)
  from space 5120K, 99% used [0x00000000ecd00000,0x00000000ed1f8010,0x00000000ed200000)
  to   space 7680K, 0% used [0x00000000ee900000,0x00000000ee900000,0x00000000ef080000)
 ParOldGen       total 64000K, used 17639K [0x00000000c0000000, 0x00000000c3e80000, 0x00000000eab00000)
  object space 64000K, 27% used [0x00000000c0000000,0x00000000c1139f80,0x00000000c3e80000)
 Metaspace       used 5931K, capacity 6962K, committed 7040K, reserved 1056768K
  class space    used 605K, capacity 618K, committed 640K, reserved 1048576K
Event: 23.039 GC heap after
Heap after GC invocations=16 (full 0):
 PSYoungGen      total 62976K, used 5821K [0x00000000eab00000, 0x00000000ef180000, 0x0000000100000000)
  eden space 55296K, 0% used [0x00000000eab00000,0x00000000eab00000,0x00000000ee100000)
  from space 7680K, 75% used [0x00000000ee900000,0x00000000eeeaf560,0x00000000ef080000)
  to   space 8192K, 0% used [0x00000000ee100000,0x00000000ee100000,0x00000000ee900000)
 ParOldGen       total 64000K, used 22425K [0x00000000c0000000, 0x00000000c3e80000, 0x00000000eab00000)
  object space 64000K, 35% used [0x00000000c0000000,0x00000000c15e6570,0x00000000c3e80000)
 Metaspace       used 5931K, capacity 6962K, committed 7040K, reserved 1056768K
  class space    used 605K, capacity 618K, committed 640K, reserved 1048576K
}
Event: 23.367 GC heap before
{Heap before GC invocations=17 (full 0):
 PSYoungGen      total 62976K, used 61117K [0x00000000eab00000, 0x00000000ef180000, 0x0000000100000000)
  eden space 55296K, 100% used [0x00000000eab00000,0x00000000ee100000,0x00000000ee100000)
  from space 7680K, 75% used [0x00000000ee900000,0x00000000eeeaf560,0x00000000ef080000)
  to   space 8192K, 0% used [0x00000000ee100000,0x00000000ee100000,0x00000000ee900000)
 ParOldGen       total 64000K, used 22425K [0x00000000c0000000, 0x00000000c3e80000, 0x00000000eab00000)
  object space 64000K, 35% used [0x00000000c0000000,0x00000000c15e6570,0x00000000c3e80000)
 Metaspace       used 5938K, capacity 6962K, committed 7040K, reserved 1056768K
  class space    used 605K, capacity 618K, committed 640K, reserved 1048576K
Event: 23.461 GC heap after
Heap after GC invocations=17 (full 0):
 PSYoungGen      total 63488K, used 8188K [0x00000000eab00000, 0x00000000f0e00000, 0x0000000100000000)
  eden space 55296K, 0% used [0x00000000eab00000,0x00000000eab00000,0x00000000ee100000)
  from space 8192K, 99% used [0x00000000ee100000,0x00000000ee8ff2d8,0x00000000ee900000)
  to   space 11776K, 0% used [0x00000000f0280000,0x00000000f0280000,0x00000000f0e00000)
 ParOldGen       total 64000K, used 28470K [0x00000000c0000000, 0x00000000c3e80000, 0x00000000eab00000)
  object space 64000K, 44% used [0x00000000c0000000,0x00000000c1bcdaf8,0x00000000c3e80000)
 Metaspace       used 5938K, capacity 6962K, committed 7040K, reserved 1056768K
  class space    used 605K, capacity 618K, committed 640K, reserved 1048576K
}
Event: 23.722 GC heap before
{Heap before GC invocations=18 (full 0):
 PSYoungGen      total 63488K, used 63484K [0x00000000eab00000, 0x00000000f0e00000, 0x0000000100000000)
  eden space 55296K, 100% used [0x00000000eab00000,0x00000000ee100000,0x00000000ee100000)
  from space 8192K, 99% used [0x00000000ee100000,0x00000000ee8ff2d8,0x00000000ee900000)
  to   space 11776K, 0% used [0x00000000f0280000,0x00000000f0280000,0x00000000f0e00000)
 ParOldGen       total 64000K, used 28470K [0x00000000c0000000, 0x00000000c3e80000, 0x00000000eab00000)
  object space 64000K, 44% used [0x00000000c0000000,0x00000000c1bcdaf8,0x00000000c3e80000)
 Metaspace       used 5963K, capacity 6962K, committed 7040K, reserved 1056768K
  class space    used 605K, capacity 618K, committed 640K, reserved 1048576K
Event: 24.113 GC heap after
Heap after GC invocations=18 (full 0):
 PSYoungGen      total 89088K, used 7737K [0x00000000eab00000, 0x00000000f0f00000, 0x0000000100000000)
  eden space 77312K, 0% used [0x00000000eab00000,0x00000000eab00000,0x00000000ef680000)
  from space 11776K, 65% used [0x00000000f0280000,0x00000000f0a0e400,0x00000000f0e00000)
  to   space 12288K, 0% used [0x00000000ef680000,0x00000000ef680000,0x00000000f0280000)
 ParOldGen       total 64000K, used 36643K [0x00000000c0000000, 0x00000000c3e80000, 0x00000000eab00000)
  object space 64000K, 57% used [0x00000000c0000000,0x00000000c23c8ec0,0x00000000c3e80000)
 Metaspace       used 5963K, capacity 6962K, committed 7040K, reserved 1056768K
  class space    used 605K, capacity 618K, committed 640K, reserved 1048576K
}

