# JRE version: Java(TM) SE Runtime Environment (8.0_05-b13) (build 1.8.0_05-b13)
# Java VM: Java HotSpot(TM) 64-Bit Server VM (25.5-b02 mixed mode windows-amd64 compressed oops)
Heap:
 PSYoungGen      total 131584K, used 16011K [0x00000000eab00000, 0x00000000f6180000, 0x0000000100000000)
  eden space 102400K, 15% used [0x00000000eab00000,0x00000000ebaa2ea8,0x00000000f0f00000)
  from space 29184K, 0% used [0x00000000f3080000,0x00000000f3080000,0x00000000f4d00000)
  to   space 34304K, 0% used [0x00000000f0f00000,0x00000000f0f00000,0x00000000f3080000)
 ParOldGen       total 58880K, used 23586K [0x00000000c0000000, 0x00000000c3980000, 0x00000000eab00000)
  object space 58880K, 40% used [0x00000000c0000000,0x00000000c1708908,0x00000000c3980000)
 Metaspace       used 7136K, capacity 7678K, committed 7936K, reserved 1056768K
  class space    used 732K, capacity 753K, committed 768K, reserved 1048576K
GC Heap History (10 events):
Event: 2.807 GC heap before
{Heap before GC invocations=25 (full 3):
 PSYoungGen      total 111104K, used 13816K [0x00000000eab00000, 0x00000000f3780000, 0x0000000100000000)
  eden space 97280K, 0% used [0x00000000eab00000,0x00000000eab00000,0x00000000f0a00000)
  from space 13824K, 99% used [0x00000000f2a00000,0x00000000f377e050,0x00000000f3780000)
  to   space 16384K, 0% used [0x00000000f1780000,0x00000000f1780000,0x00000000f2780000)
 ParOldGen       total 39424K, used 35723K [0x00000000c0000000, 0x00000000c2680000, 0x00000000eab00000)
  object space 39424K, 90% used [0x00000000c0000000,0x00000000c22e2db8,0x00000000c2680000)
 Metaspace       used 7135K, capacity 7678K, committed 7936K, reserved 1056768K
  class space    used 732K, capacity 753K, committed 768K, reserved 1048576K
Event: 2.845 GC heap after
Heap after GC invocations=25 (full 3):
 PSYoungGen      total 111104K, used 0K [0x00000000eab00000, 0x00000000f3780000, 0x0000000100000000)
  eden space 97280K, 0% used [0x00000000eab00000,0x00000000eab00000,0x00000000f0a00000)
  from space 13824K, 0% used [0x00000000f2a00000,0x00000000f2a00000,0x00000000f3780000)
  to   space 16384K, 0% used [0x00000000f1780000,0x00000000f1780000,0x00000000f2780000)
 ParOldGen       total 49664K, used 26303K [0x00000000c0000000, 0x00000000c3080000, 0x00000000eab00000)
  object space 49664K, 52% used [0x00000000c0000000,0x00000000c19afeb8,0x00000000c3080000)
 Metaspace       used 7135K, capacity 7678K, committed 7936K, reserved 1056768K
  class space    used 732K, capacity 753K, committed 768K, reserved 1048576K
}
Event: 3.046 GC heap before
{Heap before GC invocations=26 (full 3):
 PSYoungGen      total 111104K, used 97280K [0x00000000eab00000, 0x00000000f3780000, 0x0000000100000000)
  eden space 97280K, 100% used [0x00000000eab00000,0x00000000f0a00000,0x00000000f0a00000)
  from space 13824K, 0% used [0x00000000f2a00000,0x00000000f2a00000,0x00000000f3780000)
  to   space 16384K, 0% used [0x00000000f1780000,0x00000000f1780000,0x00000000f2780000)
 ParOldGen       total 49664K, used 26303K [0x00000000c0000000, 0x00000000c3080000, 0x00000000eab00000)
  object space 49664K, 52% used [0x00000000c0000000,0x00000000c19afeb8,0x00000000c3080000)
 Metaspace       used 7136K, capacity 7678K, committed 7936K, reserved 1056768K
  class space    used 732K, capacity 753K, committed 768K, reserved 1048576K
Event: 3.058 GC heap after
Heap after GC invocations=26 (full 3):
 PSYoungGen      total 123904K, used 16354K [0x00000000eab00000, 0x00000000f4d00000, 0x0000000100000000)
  eden space 107520K, 0% used [0x00000000eab00000,0x00000000eab00000,0x00000000f1400000)
  from space 16384K, 99% used [0x00000000f1780000,0x00000000f2778a70,0x00000000f2780000)
  to   space 29184K, 0% used [0x00000000f3080000,0x00000000f3080000,0x00000000f4d00000)
 ParOldGen       total 55296K, used 54379K [0x00000000c0000000, 0x00000000c3600000, 0x00000000eab00000)
  object space 55296K, 98% used [0x00000000c0000000,0x00000000c351ae80,0x00000000c3600000)
 Metaspace       used 7136K, capacity 7678K, committed 7936K, reserved 1056768K
  class space    used 732K, capacity 753K, committed 768K, reserved 1048576K
}
Event: 3.058 GC heap before
{Heap before GC invocations=27 (full 4):
 PSYoungGen      total 123904K, used 16354K [0x00000000eab00000, 0x00000000f4d00000, 0x0000000100000000)
  eden space 107520K, 0% used [0x00000000eab00000,0x00000000eab00000,0x00000000f1400000)
  from space 16384K, 99% used [0x00000000f1780000,0x00000000f2778a70,0x00000000f2780000)
  to   space 29184K, 0% used [0x00000000f3080000,0x00000000f3080000,0x00000000f4d00000)
 ParOldGen       total 55296K, used 54379K [0x00000000c0000000, 0x00000000c3600000, 0x00000000eab00000)
  object space 55296K, 98% used [0x00000000c0000000,0x00000000c351ae80,0x00000000c3600000)
 Metaspace       used 7136K, capacity 7678K, committed 7936K, reserved 1056768K
  class space    used 732K, capacity 753K, committed 768K, reserved 1048576K
Event: 3.094 GC heap after
Heap after GC invocations=27 (full 4):
 PSYoungGen      total 123904K, used 0K [0x00000000eab00000, 0x00000000f4d00000, 0x0000000100000000)
  eden space 107520K, 0% used [0x00000000eab00000,0x00000000eab00000,0x00000000f1400000)
  from space 16384K, 0% used [0x00000000f1780000,0x00000000f1780000,0x00000000f2780000)
  to   space 29184K, 0% used [0x00000000f3080000,0x00000000f3080000,0x00000000f4d00000)
 ParOldGen       total 57344K, used 25209K [0x00000000c0000000, 0x00000000c3800000, 0x00000000eab00000)
  object space 57344K, 43% used [0x00000000c0000000,0x00000000c189e6e8,0x00000000c3800000)
 Metaspace       used 7136K, capacity 7678K, committed 7936K, reserved 1056768K
  class space    used 732K, capacity 753K, committed 768K, reserved 1048576K
}
Event: 3.344 GC heap before
{Heap before GC invocations=28 (full 4):
 PSYoungGen      total 123904K, used 107520K [0x00000000eab00000, 0x00000000f4d00000, 0x0000000100000000)
  eden space 107520K, 100% used [0x00000000eab00000,0x00000000f1400000,0x00000000f1400000)
  from space 16384K, 0% used [0x00000000f1780000,0x00000000f1780000,0x00000000f2780000)
  to   space 29184K, 0% used [0x00000000f3080000,0x00000000f3080000,0x00000000f4d00000)
 ParOldGen       total 57344K, used 25209K [0x00000000c0000000, 0x00000000c3800000, 0x00000000eab00000)
  object space 57344K, 43% used [0x00000000c0000000,0x00000000c189e6e8,0x00000000c3800000)
 Metaspace       used 7136K, capacity 7678K, committed 7936K, reserved 1056768K
  class space    used 732K, capacity 753K, committed 768K, reserved 1048576K
Event: 3.354 GC heap after
Heap after GC invocations=28 (full 4):
 PSYoungGen      total 131584K, used 28152K [0x00000000eab00000, 0x00000000f6180000, 0x0000000100000000)
  eden space 102400K, 0% used [0x00000000eab00000,0x00000000eab00000,0x00000000f0f00000)
  from space 29184K, 96% used [0x00000000f3080000,0x00000000f4bfe2c8,0x00000000f4d00000)
  to   space 34304K, 0% used [0x00000000f0f00000,0x00000000f0f00000,0x00000000f3080000)
 ParOldGen       total 57344K, used 41361K [0x00000000c0000000, 0x00000000c3800000, 0x00000000eab00000)
  object space 57344K, 72% used [0x00000000c0000000,0x00000000c2864490,0x00000000c3800000)
 Metaspace       used 7136K, capacity 7678K, committed 7936K, reserved 1056768K
  class space    used 732K, capacity 753K, committed 768K, reserved 1048576K
}
Event: 3.354 GC heap before
{Heap before GC invocations=29 (full 5):
 PSYoungGen      total 131584K, used 28152K [0x00000000eab00000, 0x00000000f6180000, 0x0000000100000000)
  eden space 102400K, 0% used [0x00000000eab00000,0x00000000eab00000,0x00000000f0f00000)
  from space 29184K, 96% used [0x00000000f3080000,0x00000000f4bfe2c8,0x00000000f4d00000)
  to   space 34304K, 0% used [0x00000000f0f00000,0x00000000f0f00000,0x00000000f3080000)
 ParOldGen       total 57344K, used 41361K [0x00000000c0000000, 0x00000000c3800000, 0x00000000eab00000)
  object space 57344K, 72% used [0x00000000c0000000,0x00000000c2864490,0x00000000c3800000)
 Metaspace       used 7136K, capacity 7678K, committed 7936K, reserved 1056768K
  class space    used 732K, capacity 753K, committed 768K, reserved 1048576K
Event: 3.379 GC heap after
Heap after GC invocations=29 (full 5):
 PSYoungGen      total 131584K, used 0K [0x00000000eab00000, 0x00000000f6180000, 0x0000000100000000)
  eden space 102400K, 0% used [0x00000000eab00000,0x00000000eab00000,0x00000000f0f00000)
  from space 29184K, 0% used [0x00000000f3080000,0x00000000f3080000,0x00000000f4d00000)
  to   space 34304K, 0% used [0x00000000f0f00000,0x00000000f0f00000,0x00000000f3080000)
 ParOldGen       total 58880K, used 23586K [0x00000000c0000000, 0x00000000c3980000, 0x00000000eab00000)
  object space 58880K, 40% used [0x00000000c0000000,0x00000000c1708908,0x00000000c3980000)
 Metaspace       used 7136K, capacity 7678K, committed 7936K, reserved 1056768K
  class space    used 732K, capacity 753K, committed 768K, reserved 1048576K
}

